<?xml version="1.0" encoding="UTF-8"?>
<!-- Generated by org.testng.reporters.JUnitReportReporter -->
<testsuite hostname="DESKTOP-L71TTHQ" failures="0" tests="1" name="rahul.fileupload.fileuploading" time="19.759" errors="0" timestamp="2023-03-17T18:11:08 IST" skipped="0">
  <testcase classname="rahul.fileupload.fileuploading" name="filesubmit" time="19.759"/>
  <system-out/>
</testsuite> <!-- rahul.fileupload.fileuploading -->
